0 info it worked if it ends with ok
1 verbose cli [ '/usr/local/bin/node',
1 verbose cli   '/usr/local/bin/npm',
1 verbose cli   'install',
1 verbose cli   'chromedriver' ]
2 info using npm@4.1.2
3 info using node@v7.6.0
4 silly loadCurrentTree Starting
5 silly install loadCurrentTree
6 silly install readLocalPackageData
7 silly fetchPackageMetaData chromedriver
8 silly fetchOtherPackageData chromedriver
9 silly cache add args [ 'chromedriver', null ]
10 verbose cache add spec chromedriver
11 silly cache add parsed spec Result {
11 silly cache add   raw: 'chromedriver',
11 silly cache add   scope: null,
11 silly cache add   escapedName: 'chromedriver',
11 silly cache add   name: null,
11 silly cache add   rawSpec: 'chromedriver',
11 silly cache add   spec: '/Users/daiwenjun/Documents/py/chromedriver',
11 silly cache add   type: 'local' }
12 silly addLocalTarball shasum (computed) 85d669348e261be8ab8185f9c0a065abdbe1c867
13 verbose addTmpTarball /Users/daiwenjun/Documents/py/chromedriver not in flight; adding
14 verbose correctMkdir /var/root/.npm correctMkdir not in flight; initializing
15 verbose addTmpTarball validating metadata from /Users/daiwenjun/Documents/py/chromedriver
16 verbose tar unpack /Users/daiwenjun/Documents/py/chromedriver
17 verbose tar unpacking to /tmp/npm-3237-8d6242cf/unpack-462fc011
18 silly gentlyRm /tmp/npm-3237-8d6242cf/unpack-462fc011 is being purged
19 verbose gentlyRm don't care about contents; nuking /tmp/npm-3237-8d6242cf/unpack-462fc011
20 silly gunzTarPerm modes [ '755', '644' ]
21 error not a package /Users/daiwenjun/Documents/py/chromedriver
22 error addLocal Could not install /Users/daiwenjun/Documents/py/chromedriver
23 silly fetchPackageMetaData Error: ENOENT: no such file or directory, open '/tmp/npm-3237-8d6242cf/unpack-462fc011/package.json'
23 silly fetchPackageMetaData  error for chromedriver { Error: ENOENT: no such file or directory, open '/tmp/npm-3237-8d6242cf/unpack-462fc011/package.json'
23 silly fetchPackageMetaData   errno: -2,
23 silly fetchPackageMetaData   code: 'ENOENT',
23 silly fetchPackageMetaData   syscall: 'open',
23 silly fetchPackageMetaData   path: '/tmp/npm-3237-8d6242cf/unpack-462fc011/package.json' }
24 silly rollbackFailedOptional Starting
25 silly rollbackFailedOptional Finishing
26 silly runTopLevelLifecycles Finishing
27 silly install printInstalled
28 verbose stack Error: ENOENT: no such file or directory, open '/tmp/npm-3237-8d6242cf/unpack-462fc011/package.json'
29 verbose cwd /Users/daiwenjun/Documents/py
30 error Darwin 15.6.0
31 error argv "/usr/local/bin/node" "/usr/local/bin/npm" "install" "chromedriver"
32 error node v7.6.0
33 error npm  v4.1.2
34 error path /tmp/npm-3237-8d6242cf/unpack-462fc011/package.json
35 error code ENOENT
36 error errno -2
37 error syscall open
38 error enoent ENOENT: no such file or directory, open '/tmp/npm-3237-8d6242cf/unpack-462fc011/package.json'
39 error enoent ENOENT: no such file or directory, open '/tmp/npm-3237-8d6242cf/unpack-462fc011/package.json'
39 error enoent This is most likely not a problem with npm itself
39 error enoent and is related to npm not being able to find a file.
40 verbose exit [ -2, true ]
